<?xml version="1.0" encoding="UTF-8"?>
<!-- Generated by org.testng.reporters.JUnitXMLReporter -->
<testsuite ignored="8" hostname="Apples-MacBook-Pro.local" failures="0" tests="5" name="Test" time="70.89" errors="0" timestamp="2022-05-29T21:31:03 IST">
  <testcase classname="Tests.LoginOneTest" name="loginWithCorrectEmailAndPassword" time="5.034"/>
  <testcase classname="Tests.LoginTwoTest" name="loginWithIncorrectEmailAndPassword" time="3.204"/>
  <testcase classname="Tests.LoginThreeTest" name="loginWithNoMailIdAndPassword" time="3.983"/>
  <testcase classname="Tests.LoginFourTest" name="loginWithMailIdAndNoPassword" time="2.641"/>
  <testcase classname="Tests.LoginFiveTest" name="loginWithNoMailIdAndNoPassword" time="2.497"/>
  <testcase classname="Tests.BaseTest" name="@BeforeSuite ExtentReport" time="0.0">
    <ignored/>
  </testcase> <!-- @BeforeSuite ExtentReport -->
  <testcase classname="Tests.BaseTest" name="@BeforeSuite ExtentReport" time="0.0">
    <ignored/>
  </testcase> <!-- @BeforeSuite ExtentReport -->
  <testcase classname="Tests.BaseTest" name="@BeforeSuite ExtentReport" time="0.0">
    <ignored/>
  </testcase> <!-- @BeforeSuite ExtentReport -->
  <testcase classname="Tests.BaseTest" name="@BeforeSuite ExtentReport" time="0.0">
    <ignored/>
  </testcase> <!-- @BeforeSuite ExtentReport -->
  <testcase classname="Tests.BaseTest" name="@AfterSuite tearDown" time="0.0">
    <ignored/>
  </testcase> <!-- @AfterSuite tearDown -->
  <testcase classname="Tests.BaseTest" name="@AfterSuite tearDown" time="0.0">
    <ignored/>
  </testcase> <!-- @AfterSuite tearDown -->
  <testcase classname="Tests.BaseTest" name="@AfterSuite tearDown" time="0.0">
    <ignored/>
  </testcase> <!-- @AfterSuite tearDown -->
  <testcase classname="Tests.BaseTest" name="@AfterSuite tearDown" time="0.0">
    <ignored/>
  </testcase> <!-- @AfterSuite tearDown -->
</testsuite> <!-- Test -->
